=== Parsed environment ===
{'X': 1, 'Y': 7}

=== Concrete execution ===
final state: {'X': 1, 'Y': 1}
path: 1.2.3.1.2.3.1.2.3.1.2.3.1.2.3.1.2.3.1

=== CFG ===
entry = 1
exit = _exit
edges:
  1 --[(not (X = Y)) / skip]--> 2
  1 --[(not (not (X = Y))) / skip]--> _exit
  2 --[(X <= Y) / skip]--> 3
  2 --[(not (X <= Y)) / skip]--> 4
  3 --[true / Y := (Y - X)]--> 1
  4 --[true / X := (X - Y)]--> 1

=== Bounded path coverage for singleton test set ===
all paths: [('1',), ('1', '2', '3', '1'), ('1', '2', '4', '1')]
covered paths: [('1',), ('1', '2', '3', '1')]
coverage rate: 0.6666666666666666

=== Decision / condition coverage for singleton test set ===
uncovered decisions: {'2': {False, True}}
uncovered conditions: {"Le(left=Var(name='X'), right=Var(name='Y'))": {False, True}}

=== Symbolic execution tree ===
(1, {X -> Var(name='X0'), Y -> Var(name='Y0')}, true, path=())
  (2, {X -> Var(name='X0'), Y -> Var(name='Y0')}, Not(value=Eq(left=Var(name='X0'), right=Var(name='Y0'))), path=('1',))
    (3, {X -> Var(name='X0'), Y -> Var(name='Y0')}, Not(value=Eq(left=Var(name='X0'), right=Var(name='Y0'))) and Le(left=Var(name='X0'), right=Var(name='Y0')), path=('1', '2'))
      (1, {X -> Var(name='X0'), Y -> Sub(left=Var(name='Y0'), right=Var(name='X0'))}, Not(value=Eq(left=Var(name='X0'), right=Var(name='Y0'))) and Le(left=Var(name='X0'), right=Var(name='Y0')), path=('1', '2', '3'))
        (2, {X -> Var(name='X0'), Y -> Sub(left=Var(name='Y0'), right=Var(name='X0'))}, Not(value=Eq(left=Var(name='X0'), right=Var(name='Y0'))) and Le(left=Var(name='X0'), right=Var(name='Y0')) and Not(value=Eq(left=Var(name='X0'), right=Sub(left=Var(name='Y0'), right=Var(name='X0')))), path=('1', '2', '3', '1'))
          (3, {X -> Var(name='X0'), Y -> Sub(left=Var(name='Y0'), right=Var(name='X0'))}, Not(value=Eq(left=Var(name='X0'), right=Var(name='Y0'))) and Le(left=Var(name='X0'), right=Var(name='Y0')) and Not(value=Eq(left=Var(name='X0'), right=Sub(left=Var(name='Y0'), right=Var(name='X0')))) and Le(left=Var(name='X0'), right=Sub(left=Var(name='Y0'), right=Var(name='X0'))), path=('1', '2', '3', '1', '2'))
          (4, {X -> Var(name='X0'), Y -> Sub(left=Var(name='Y0'), right=Var(name='X0'))}, Not(value=Eq(left=Var(name='X0'), right=Var(name='Y0'))) and Le(left=Var(name='X0'), right=Var(name='Y0')) and Not(value=Eq(left=Var(name='X0'), right=Sub(left=Var(name='Y0'), right=Var(name='X0')))) and Not(value=Le(left=Var(name='X0'), right=Sub(left=Var(name='Y0'), right=Var(name='X0')))), path=('1', '2', '3', '1', '2'))
        (_exit, {X -> Var(name='X0'), Y -> Sub(left=Var(name='Y0'), right=Var(name='X0'))}, Not(value=Eq(left=Var(name='X0'), right=Var(name='Y0'))) and Le(left=Var(name='X0'), right=Var(name='Y0')) and Not(value=Not(value=Eq(left=Var(name='X0'), right=Sub(left=Var(name='Y0'), right=Var(name='X0'))))), path=('1', '2', '3', '1'))
    (4, {X -> Var(name='X0'), Y -> Var(name='Y0')}, Not(value=Eq(left=Var(name='X0'), right=Var(name='Y0'))) and Not(value=Le(left=Var(name='X0'), right=Var(name='Y0'))), path=('1', '2'))
      (1, {X -> Sub(left=Var(name='X0'), right=Var(name='Y0')), Y -> Var(name='Y0')}, Not(value=Eq(left=Var(name='X0'), right=Var(name='Y0'))) and Not(value=Le(left=Var(name='X0'), right=Var(name='Y0'))), path=('1', '2', '4'))
        (2, {X -> Sub(left=Var(name='X0'), right=Var(name='Y0')), Y -> Var(name='Y0')}, Not(value=Eq(left=Var(name='X0'), right=Var(name='Y0'))) and Not(value=Le(left=Var(name='X0'), right=Var(name='Y0'))) and Not(value=Eq(left=Sub(left=Var(name='X0'), right=Var(name='Y0')), right=Var(name='Y0'))), path=('1', '2', '4', '1'))
          (3, {X -> Sub(left=Var(name='X0'), right=Var(name='Y0')), Y -> Var(name='Y0')}, Not(value=Eq(left=Var(name='X0'), right=Var(name='Y0'))) and Not(value=Le(left=Var(name='X0'), right=Var(name='Y0'))) and Not(value=Eq(left=Sub(left=Var(name='X0'), right=Var(name='Y0')), right=Var(name='Y0'))) and Le(left=Sub(left=Var(name='X0'), right=Var(name='Y0')), right=Var(name='Y0')), path=('1', '2', '4', '1', '2'))
          (4, {X -> Sub(left=Var(name='X0'), right=Var(name='Y0')), Y -> Var(name='Y0')}, Not(value=Eq(left=Var(name='X0'), right=Var(name='Y0'))) and Not(value=Le(left=Var(name='X0'), right=Var(name='Y0'))) and Not(value=Eq(left=Sub(left=Var(name='X0'), right=Var(name='Y0')), right=Var(name='Y0'))) and Not(value=Le(left=Sub(left=Var(name='X0'), right=Var(name='Y0')), right=Var(name='Y0'))), path=('1', '2', '4', '1', '2'))
        (_exit, {X -> Sub(left=Var(name='X0'), right=Var(name='Y0')), Y -> Var(name='Y0')}, Not(value=Eq(left=Var(name='X0'), right=Var(name='Y0'))) and Not(value=Le(left=Var(name='X0'), right=Var(name='Y0'))) and Not(value=Not(value=Eq(left=Sub(left=Var(name='X0'), right=Var(name='Y0')), right=Var(name='Y0')))), path=('1', '2', '4', '1'))
  (_exit, {X -> Var(name='X0'), Y -> Var(name='Y0')}, Not(value=Not(value=Eq(left=Var(name='X0'), right=Var(name='Y0')))), path=('1',))

=== Concrete vs symbolic ===
{'concrete_final_state': {'X': 1, 'Y': 1},
 'concrete_path': ('1',
                   '2',
                   '3',
                   '1',
                   '2',
                   '3',
                   '1',
                   '2',
                   '3',
                   '1',
                   '2',
                   '3',
                   '1',
                   '2',
                   '3',
                   '1',
                   '2',
                   '3',
                   '1'),
 'found_symbolic_path': True,
 'symbolic_condition_satisfied_by_input': False,
 'symbolic_path_condition': [Not(value=Eq(left=Var(name='X0'),
                                          right=Var(name='Y0'))),
                             Le(left=Var(name='X0'), right=Var(name='Y0')),
                             Not(value=Eq(left=Var(name='X0'),
                                          right=Sub(left=Var(name='Y0'),
                                                    right=Var(name='X0')))),
                             Le(left=Var(name='X0'),
                                right=Sub(left=Var(name='Y0'),
                                          right=Var(name='X0'))),
                             Not(value=Eq(left=Var(name='X0'),
                                          right=Sub(left=Sub(left=Var(name='Y0'),
                                                             right=Var(name='X0')),
                                                    right=Var(name='X0')))),
                             Le(left=Var(name='X0'),
                                right=Sub(left=Sub(left=Var(name='Y0'),
                                                   right=Var(name='X0')),
                                          right=Var(name='X0'))),
                             Not(value=Eq(left=Var(name='X0'),
                                          right=Sub(left=Sub(left=Sub(left=Var(name='Y0'),
                                                                      right=Var(name='X0')),
                                                             right=Var(name='X0')),
                                                    right=Var(name='X0')))),
                             Le(left=Var(name='X0'),
                                right=Sub(left=Sub(left=Sub(left=Var(name='Y0'),
                                                            right=Var(name='X0')),
                                                   right=Var(name='X0')),
                                          right=Var(name='X0'))),
                             Not(value=Eq(left=Var(name='X0'),
                                          right=Sub(left=Sub(left=Sub(left=Sub(left=Var(name='Y0'),
                                                                               right=Var(name='X0')),
                                                                      right=Var(name='X0')),
                                                             right=Var(name='X0')),
                                                    right=Var(name='X0')))),
                             Le(left=Var(name='X0'),
                                right=Sub(left=Sub(left=Sub(left=Sub(left=Var(name='Y0'),
                                                                     right=Var(name='X0')),
                                                            right=Var(name='X0')),
                                                   right=Var(name='X0')),
                                          right=Var(name='X0'))),
                             Not(value=Eq(left=Var(name='X0'),
                                          right=Sub(left=Sub(left=Sub(left=Sub(left=Sub(left=Var(name='Y0'),
                                                                                        right=Var(name='X0')),
                                                                               right=Var(name='X0')),
                                                                      right=Var(name='X0')),
                                                             right=Var(name='X0')),
                                                    right=Var(name='X0')))),
                             Le(left=Var(name='X0'),
                                right=Sub(left=Sub(left=Sub(left=Sub(left=Sub(left=Var(name='Y0'),
                                                                              right=Var(name='X0')),
                                                                     right=Var(name='X0')),
                                                            right=Var(name='X0')),
                                                   right=Var(name='X0')),
                                          right=Var(name='X0'))),
                             Not(value=Eq(left=Var(name='X0'),
                                          right=Sub(left=Sub(left=Sub(left=Sub(left=Sub(left=Sub(left=Var(name='Y0'),
                                                                                                 right=Var(name='X0')),
                                                                                        right=Var(name='X0')),
                                                                               right=Var(name='X0')),
                                                                      right=Var(name='X0')),
                                                             right=Var(name='X0')),
                                                    right=Var(name='X0'))))]}
